

Started GET "/" for 127.0.0.1 at 2015-07-18 12:01:33 +0800
  [1m[36mActiveRecord::SchemaMigration Load (12.9ms)[0m  [1mSELECT `schema_migrations`.* FROM `schema_migrations`[0m
Processing by BlogsController#index as HTML
  [1m[35mUser Load (1.4ms)[0m  SELECT  `users`.* FROM `users`  WHERE `users`.`id` = 1 LIMIT 1
  [1m[36mArticle Load (1.6ms)[0m  [1mSELECT  `articles`.* FROM `articles`   ORDER BY updated_at desc LIMIT 10[0m
  Rendered articles/_article.html.haml (7.1ms)
  Rendered articles/_articles.html.haml (35.3ms)
  [1m[35mArticleComment Load (1.0ms)[0m  SELECT  `article_comments`.* FROM `article_comments`   ORDER BY updated_at desc LIMIT 10
  [1m[36mUser Load (0.3ms)[0m  [1mSELECT  `users`.* FROM `users`  WHERE `users`.`id` = 1 LIMIT 1[0m
  Rendered blogs/index.html.haml within layouts/application (94.0ms)
  [1m[35mBlogInfo Load (0.7ms)[0m  SELECT  `blog_info`.* FROM `blog_info`   ORDER BY `blog_info`.`id` ASC LIMIT 1
  [1m[36mCACHE (0.0ms)[0m  [1mSELECT  `blog_info`.* FROM `blog_info`   ORDER BY `blog_info`.`id` ASC LIMIT 1[0m
  Rendered layouts/_footer.html.haml (1.0ms)
Completed 200 OK in 3038ms (Views: 2960.3ms | ActiveRecord: 32.5ms)


Started GET "/" for 127.0.0.1 at 2015-07-18 12:01:37 +0800
Processing by BlogsController#index as HTML
  [1m[35mUser Load (0.3ms)[0m  SELECT  `users`.* FROM `users`  WHERE `users`.`id` = 1 LIMIT 1
  [1m[36mArticle Load (0.4ms)[0m  [1mSELECT  `articles`.* FROM `articles`   ORDER BY updated_at desc LIMIT 10[0m
  Rendered articles/_article.html.haml (1.7ms)
  Rendered articles/_articles.html.haml (3.9ms)
  [1m[35mArticleComment Load (0.4ms)[0m  SELECT  `article_comments`.* FROM `article_comments`   ORDER BY updated_at desc LIMIT 10
  [1m[36mUser Load (0.3ms)[0m  [1mSELECT  `users`.* FROM `users`  WHERE `users`.`id` = 1 LIMIT 1[0m
  Rendered blogs/index.html.haml within layouts/application (7.8ms)
  [1m[35mBlogInfo Load (0.3ms)[0m  SELECT  `blog_info`.* FROM `blog_info`   ORDER BY `blog_info`.`id` ASC LIMIT 1
  [1m[36mCACHE (0.0ms)[0m  [1mSELECT  `blog_info`.* FROM `blog_info`   ORDER BY `blog_info`.`id` ASC LIMIT 1[0m
  Rendered layouts/_footer.html.haml (0.1ms)
Completed 200 OK in 26ms (Views: 22.7ms | ActiveRecord: 1.7ms)


Started GET "/assets/register-e049ee2c6963591bfedb8d8af3b9d850.css?body=1" for 127.0.0.1 at 2015-07-18 12:01:37 +0800


Started GET "/assets/application-98f5d212ceab447a689d517e4b36bd5a.css?body=1" for 127.0.0.1 at 2015-07-18 12:01:37 +0800


Started GET "/assets/bootstrap-8aceb2fdfc9698f4b3e04bfada758460.css?body=1" for 127.0.0.1 at 2015-07-18 12:01:37 +0800


Started GET "/assets/_font-awesome-6a4dbb2dc540cbda1f7bc5ef6725b399.css?body=1" for 127.0.0.1 at 2015-07-18 12:01:37 +0800


Started GET "/assets/_font-awesome-ie7.min-7d65616da7f152f8b3f04557f720663f.css?body=1" for 127.0.0.1 at 2015-07-18 12:01:37 +0800


Started GET "/assets/markdown-toolbar-cc2f6af3e8a2ee56384ee69ddf51cbae.css?body=1" for 127.0.0.1 at 2015-07-18 12:01:37 +0800


Started GET "/assets/social-share-button-ad3408a2da8164a034993c8531539ff5.css?body=1" for 127.0.0.1 at 2015-07-18 12:01:37 +0800


Started GET "/assets/jquery-f16c5eea49b647ff53c288cd87d6dae7.js?body=1" for 127.0.0.1 at 2015-07-18 12:01:37 +0800


Started GET "/assets/bootstrap-1141a0a374e64b322c481cbc699c0247.js?body=1" for 127.0.0.1 at 2015-07-18 12:01:37 +0800


Started GET "/assets/html5shiv.min-b888d48bedefe319da93481204a267e1.js?body=1" for 127.0.0.1 at 2015-07-18 12:01:37 +0800


Started GET "/assets/twitter/bootstrap/rails/confirm-42dbe3e9ddcddc162c31b4e8867ebafd.js?body=1" for 127.0.0.1 at 2015-07-18 12:01:37 +0800


Started GET "/assets/turbolinks-8a34881c9ccef628d78db711d53243ef.js?body=1" for 127.0.0.1 at 2015-07-18 12:01:37 +0800


Started GET "/assets/jquery_ujs-8de61fa6c07035279699eb5b802f1ff1.js?body=1" for 127.0.0.1 at 2015-07-18 12:01:37 +0800


Started GET "/assets/respond.min-321aa71d6d0a63b1674fd68e544169a9.js?body=1" for 127.0.0.1 at 2015-07-18 12:01:37 +0800


Started GET "/assets/jquery-fieldselection-f0c6290cdd048f0064e0a31e209e5de2.js?body=1" for 127.0.0.1 at 2015-07-18 12:01:37 +0800


Started GET "/assets/markdown-toolbar-core-65259cf09b1ece87e4151056be3b1e0a.js?body=1" for 127.0.0.1 at 2015-07-18 12:01:37 +0800


Started GET "/assets/markdown-toolbar-buttons-b24be2c592e0767f36e3b9c9e58cec2a.js?body=1" for 127.0.0.1 at 2015-07-18 12:01:37 +0800


Started GET "/assets/markdown-toolbar-e70ee5acd347287bbdd8743f11fcee7d.js?body=1" for 127.0.0.1 at 2015-07-18 12:01:37 +0800


Started GET "/assets/jquery.iframe-transport-56776a102c31c0e261bec3805458edef.js?body=1" for 127.0.0.1 at 2015-07-18 12:01:37 +0800


Started GET "/assets/jquery.remotipart-5d3a815ff61e8f3a3e3157168915f700.js?body=1" for 127.0.0.1 at 2015-07-18 12:01:37 +0800


Started GET "/assets/social-share-button-06d83564c956cf9483cf82b42afafb4e.js?body=1" for 127.0.0.1 at 2015-07-18 12:01:37 +0800


Started GET "/assets/application-a09f0711b117d020924021666e321575.js?body=1" for 127.0.0.1 at 2015-07-18 12:01:37 +0800


Started GET "/images/604886d1-50de-47e3-a893-c9a3961be66c.png" for 127.0.0.1 at 2015-07-18 12:01:37 +0800

ActionController::RoutingError (No route matches [GET] "/images/604886d1-50de-47e3-a893-c9a3961be66c.png"):
  actionpack (4.1.5) lib/action_dispatch/middleware/debug_exceptions.rb:21:in `call'
  actionpack (4.1.5) lib/action_dispatch/middleware/show_exceptions.rb:30:in `call'
  railties (4.1.5) lib/rails/rack/logger.rb:38:in `call_app'
  railties (4.1.5) lib/rails/rack/logger.rb:20:in `block in call'
  activesupport (4.1.5) lib/active_support/tagged_logging.rb:68:in `block in tagged'
  activesupport (4.1.5) lib/active_support/tagged_logging.rb:26:in `tagged'
  activesupport (4.1.5) lib/active_support/tagged_logging.rb:68:in `tagged'
  railties (4.1.5) lib/rails/rack/logger.rb:20:in `call'
  actionpack (4.1.5) lib/action_dispatch/middleware/request_id.rb:21:in `call'
  rack (1.5.2) lib/rack/methodoverride.rb:21:in `call'
  rack (1.5.2) lib/rack/runtime.rb:17:in `call'
  activesupport (4.1.5) lib/active_support/cache/strategy/local_cache_middleware.rb:26:in `call'
  rack (1.5.2) lib/rack/lock.rb:17:in `call'
  actionpack (4.1.5) lib/action_dispatch/middleware/static.rb:64:in `call'
  rack (1.5.2) lib/rack/sendfile.rb:112:in `call'
  railties (4.1.5) lib/rails/engine.rb:514:in `call'
  railties (4.1.5) lib/rails/application.rb:144:in `call'
  rack (1.5.2) lib/rack/content_length.rb:14:in `call'
  thin (1.6.3) lib/thin/connection.rb:86:in `block in pre_process'
  thin (1.6.3) lib/thin/connection.rb:84:in `catch'
  thin (1.6.3) lib/thin/connection.rb:84:in `pre_process'
  thin (1.6.3) lib/thin/connection.rb:53:in `process'
  thin (1.6.3) lib/thin/connection.rb:39:in `receive_data'
  eventmachine (1.0.7) lib/eventmachine.rb:187:in `run_machine'
  eventmachine (1.0.7) lib/eventmachine.rb:187:in `run'
  thin (1.6.3) lib/thin/backends/base.rb:73:in `start'
  thin (1.6.3) lib/thin/server.rb:162:in `start'
  rack (1.5.2) lib/rack/handler/thin.rb:16:in `run'
  rack (1.5.2) lib/rack/server.rb:264:in `start'
  railties (4.1.5) lib/rails/commands/server.rb:69:in `start'
  railties (4.1.5) lib/rails/commands/commands_tasks.rb:81:in `block in server'
  railties (4.1.5) lib/rails/commands/commands_tasks.rb:76:in `tap'
  railties (4.1.5) lib/rails/commands/commands_tasks.rb:76:in `server'
  railties (4.1.5) lib/rails/commands/commands_tasks.rb:40:in `run_command!'
  railties (4.1.5) lib/rails/commands.rb:17:in `<top (required)>'
  bin/rails:4:in `require'
  bin/rails:4:in `<main>'


  Rendered /Users/guoyoujin/.rvm/gems/ruby-2.1.2/gems/actionpack-4.1.5/lib/action_dispatch/middleware/templates/rescues/_trace.html.erb (0.9ms)
  Rendered /Users/guoyoujin/.rvm/gems/ruby-2.1.2/gems/actionpack-4.1.5/lib/action_dispatch/middleware/templates/routes/_route.html.erb (3.1ms)
  Rendered /Users/guoyoujin/.rvm/gems/ruby-2.1.2/gems/actionpack-4.1.5/lib/action_dispatch/middleware/templates/routes/_table.html.erb (4.4ms)
  Rendered /Users/guoyoujin/.rvm/gems/ruby-2.1.2/gems/actionpack-4.1.5/lib/action_dispatch/middleware/templates/rescues/routing_error.html.erb within rescues/layout (52.4ms)


Started GET "/assets/fontawesome-webfont-1ee3ebba0f128b28c3faacf2ddff8cc6.woff" for 127.0.0.1 at 2015-07-18 12:01:37 +0800


Started GET "/" for 127.0.0.1 at 2015-07-20 15:37:23 +0800
  [1m[36mActiveRecord::SchemaMigration Load (20.8ms)[0m  [1mSELECT `schema_migrations`.* FROM `schema_migrations`[0m
Processing by BlogsController#index as HTML
  [1m[35mUser Load (0.3ms)[0m  SELECT  `users`.* FROM `users`  WHERE `users`.`id` = 1 LIMIT 1
  [1m[36mArticle Load (27.7ms)[0m  [1mSELECT  `articles`.* FROM `articles`   ORDER BY updated_at desc LIMIT 10[0m
  Rendered articles/_article.html.haml (4.0ms)
  Rendered articles/_articles.html.haml (44.3ms)
  [1m[35mArticleComment Load (24.2ms)[0m  SELECT  `article_comments`.* FROM `article_comments`   ORDER BY updated_at desc LIMIT 10
  [1m[36mUser Load (0.3ms)[0m  [1mSELECT  `users`.* FROM `users`  WHERE `users`.`id` = 1 LIMIT 1[0m
  Rendered blogs/index.html.haml within layouts/application (90.8ms)
  [1m[35mBlogInfo Load (0.3ms)[0m  SELECT  `blog_info`.* FROM `blog_info`   ORDER BY `blog_info`.`id` ASC LIMIT 1
  [1m[36mCACHE (0.0ms)[0m  [1mSELECT  `blog_info`.* FROM `blog_info`   ORDER BY `blog_info`.`id` ASC LIMIT 1[0m
  Rendered layouts/_footer.html.haml (1.1ms)
Completed 200 OK in 2909ms (Views: 2751.3ms | ActiveRecord: 111.5ms)


Started GET "/assets/register-e049ee2c6963591bfedb8d8af3b9d850.css?body=1" for 127.0.0.1 at 2015-07-20 15:37:26 +0800


Started GET "/assets/application-0535decb64f78c02763d44c5f90f48bb.css?body=1" for 127.0.0.1 at 2015-07-20 15:37:26 +0800


Started GET "/assets/bootstrap-2e180098533dbe5fdde4aab8c66f0e99.css?body=1" for 127.0.0.1 at 2015-07-20 15:37:26 +0800


Started GET "/assets/_font-awesome-8f2465de0a03810e5decaf337f5d1d9b.css?body=1" for 127.0.0.1 at 2015-07-20 15:37:26 +0800


Started GET "/assets/_font-awesome-ie7.min-7d65616da7f152f8b3f04557f720663f.css?body=1" for 127.0.0.1 at 2015-07-20 15:37:26 +0800


Started GET "/assets/markdown-toolbar-cc2f6af3e8a2ee56384ee69ddf51cbae.css?body=1" for 127.0.0.1 at 2015-07-20 15:37:26 +0800


Started GET "/assets/social-share-button-bd401a1a01d7e4dc8e110401763bb602.css?body=1" for 127.0.0.1 at 2015-07-20 15:37:26 +0800


Started GET "/assets/jquery-f16c5eea49b647ff53c288cd87d6dae7.js?body=1" for 127.0.0.1 at 2015-07-20 15:37:26 +0800


Started GET "/assets/bootstrap-1141a0a374e64b322c481cbc699c0247.js?body=1" for 127.0.0.1 at 2015-07-20 15:37:26 +0800


Started GET "/assets/html5shiv.min-b888d48bedefe319da93481204a267e1.js?body=1" for 127.0.0.1 at 2015-07-20 15:37:26 +0800


Started GET "/assets/twitter/bootstrap/rails/confirm-42dbe3e9ddcddc162c31b4e8867ebafd.js?body=1" for 127.0.0.1 at 2015-07-20 15:37:26 +0800


Started GET "/assets/turbolinks-8a34881c9ccef628d78db711d53243ef.js?body=1" for 127.0.0.1 at 2015-07-20 15:37:26 +0800


Started GET "/assets/jquery_ujs-8de61fa6c07035279699eb5b802f1ff1.js?body=1" for 127.0.0.1 at 2015-07-20 15:37:26 +0800


Started GET "/assets/respond.min-321aa71d6d0a63b1674fd68e544169a9.js?body=1" for 127.0.0.1 at 2015-07-20 15:37:26 +0800


Started GET "/assets/jquery.iframe-transport-56776a102c31c0e261bec3805458edef.js?body=1" for 127.0.0.1 at 2015-07-20 15:37:26 +0800


Started GET "/assets/jquery-fieldselection-f0c6290cdd048f0064e0a31e209e5de2.js?body=1" for 127.0.0.1 at 2015-07-20 15:37:26 +0800


Started GET "/assets/markdown-toolbar-core-65259cf09b1ece87e4151056be3b1e0a.js?body=1" for 127.0.0.1 at 2015-07-20 15:37:26 +0800


Started GET "/assets/markdown-toolbar-buttons-b24be2c592e0767f36e3b9c9e58cec2a.js?body=1" for 127.0.0.1 at 2015-07-20 15:37:26 +0800


Started GET "/assets/markdown-toolbar-e70ee5acd347287bbdd8743f11fcee7d.js?body=1" for 127.0.0.1 at 2015-07-20 15:37:26 +0800


Started GET "/assets/jquery.remotipart-5d3a815ff61e8f3a3e3157168915f700.js?body=1" for 127.0.0.1 at 2015-07-20 15:37:26 +0800


Started GET "/assets/social-share-button-06d83564c956cf9483cf82b42afafb4e.js?body=1" for 127.0.0.1 at 2015-07-20 15:37:26 +0800


Started GET "/assets/application-a09f0711b117d020924021666e321575.js?body=1" for 127.0.0.1 at 2015-07-20 15:37:26 +0800


Started GET "/images/604886d1-50de-47e3-a893-c9a3961be66c.png" for 127.0.0.1 at 2015-07-20 15:37:26 +0800

ActionController::RoutingError (No route matches [GET] "/images/604886d1-50de-47e3-a893-c9a3961be66c.png"):
  actionpack (4.1.5) lib/action_dispatch/middleware/debug_exceptions.rb:21:in `call'
  actionpack (4.1.5) lib/action_dispatch/middleware/show_exceptions.rb:30:in `call'
  railties (4.1.5) lib/rails/rack/logger.rb:38:in `call_app'
  railties (4.1.5) lib/rails/rack/logger.rb:20:in `block in call'
  activesupport (4.1.5) lib/active_support/tagged_logging.rb:68:in `block in tagged'
  activesupport (4.1.5) lib/active_support/tagged_logging.rb:26:in `tagged'
  activesupport (4.1.5) lib/active_support/tagged_logging.rb:68:in `tagged'
  railties (4.1.5) lib/rails/rack/logger.rb:20:in `call'
  actionpack (4.1.5) lib/action_dispatch/middleware/request_id.rb:21:in `call'
  rack (1.5.2) lib/rack/methodoverride.rb:21:in `call'
  rack (1.5.2) lib/rack/runtime.rb:17:in `call'
  activesupport (4.1.5) lib/active_support/cache/strategy/local_cache_middleware.rb:26:in `call'
  rack (1.5.2) lib/rack/lock.rb:17:in `call'
  actionpack (4.1.5) lib/action_dispatch/middleware/static.rb:64:in `call'
  rack (1.5.2) lib/rack/sendfile.rb:112:in `call'
  railties (4.1.5) lib/rails/engine.rb:514:in `call'
  railties (4.1.5) lib/rails/application.rb:144:in `call'
  rack (1.5.2) lib/rack/content_length.rb:14:in `call'
  thin (1.6.3) lib/thin/connection.rb:86:in `block in pre_process'
  thin (1.6.3) lib/thin/connection.rb:84:in `catch'
  thin (1.6.3) lib/thin/connection.rb:84:in `pre_process'
  thin (1.6.3) lib/thin/connection.rb:53:in `process'
  thin (1.6.3) lib/thin/connection.rb:39:in `receive_data'
  eventmachine (1.0.7) lib/eventmachine.rb:187:in `run_machine'
  eventmachine (1.0.7) lib/eventmachine.rb:187:in `run'
  thin (1.6.3) lib/thin/backends/base.rb:73:in `start'
  thin (1.6.3) lib/thin/server.rb:162:in `start'
  rack (1.5.2) lib/rack/handler/thin.rb:16:in `run'
  rack (1.5.2) lib/rack/server.rb:264:in `start'
  railties (4.1.5) lib/rails/commands/server.rb:69:in `start'
  railties (4.1.5) lib/rails/commands/commands_tasks.rb:81:in `block in server'
  railties (4.1.5) lib/rails/commands/commands_tasks.rb:76:in `tap'
  railties (4.1.5) lib/rails/commands/commands_tasks.rb:76:in `server'
  railties (4.1.5) lib/rails/commands/commands_tasks.rb:40:in `run_command!'
  railties (4.1.5) lib/rails/commands.rb:17:in `<top (required)>'
  bin/rails:4:in `require'
  bin/rails:4:in `<main>'


  Rendered /Users/guoyoujin/.rvm/gems/ruby-2.2.2/gems/actionpack-4.1.5/lib/action_dispatch/middleware/templates/rescues/_trace.html.erb (1.5ms)
  Rendered /Users/guoyoujin/.rvm/gems/ruby-2.2.2/gems/actionpack-4.1.5/lib/action_dispatch/middleware/templates/routes/_route.html.erb (4.2ms)
  Rendered /Users/guoyoujin/.rvm/gems/ruby-2.2.2/gems/actionpack-4.1.5/lib/action_dispatch/middleware/templates/routes/_table.html.erb (4.2ms)
  Rendered /Users/guoyoujin/.rvm/gems/ruby-2.2.2/gems/actionpack-4.1.5/lib/action_dispatch/middleware/templates/rescues/routing_error.html.erb within rescues/layout (103.9ms)


Started GET "/assets/fontawesome-webfont-1ee3ebba0f128b28c3faacf2ddff8cc6.woff" for 127.0.0.1 at 2015-07-20 15:37:26 +0800


Started GET "/logout" for 127.0.0.1 at 2015-07-20 15:37:38 +0800
Processing by UsersController#logout as HTML
  [1m[35mUser Load (0.3ms)[0m  SELECT  `users`.* FROM `users`  WHERE `users`.`id` = 1 LIMIT 1
Redirected to http://localhost:3000/
Completed 302 Found in 3ms (ActiveRecord: 0.3ms)


Started GET "/" for 127.0.0.1 at 2015-07-20 15:37:38 +0800
Processing by BlogsController#index as HTML
  [1m[36mArticle Load (0.2ms)[0m  [1mSELECT  `articles`.* FROM `articles`   ORDER BY updated_at desc LIMIT 10[0m
  Rendered articles/_article.html.haml (4.0ms)
  Rendered articles/_articles.html.haml (7.8ms)
  [1m[35mArticleComment Load (0.6ms)[0m  SELECT  `article_comments`.* FROM `article_comments`   ORDER BY updated_at desc LIMIT 10
  [1m[36mUser Load (0.3ms)[0m  [1mSELECT  `users`.* FROM `users`  WHERE `users`.`id` = 1 LIMIT 1[0m
  Rendered blogs/index.html.haml within layouts/application (16.0ms)
  [1m[35mBlogInfo Load (0.2ms)[0m  SELECT  `blog_info`.* FROM `blog_info`   ORDER BY `blog_info`.`id` ASC LIMIT 1
  [1m[36mCACHE (0.0ms)[0m  [1mSELECT  `blog_info`.* FROM `blog_info`   ORDER BY `blog_info`.`id` ASC LIMIT 1[0m
  Rendered layouts/_footer.html.haml (0.7ms)
Completed 200 OK in 35ms (Views: 32.7ms | ActiveRecord: 1.5ms)


Started GET "/login" for 127.0.0.1 at 2015-07-20 15:37:39 +0800
Processing by UsersController#login as HTML
Redirected to http://localhost:3000/login?from=http%3A%2F%2Flocalhost%3A3000%2F
Completed 302 Found in 1ms (ActiveRecord: 0.0ms)


Started GET "/login?from=http%3A%2F%2Flocalhost%3A3000%2F" for 127.0.0.1 at 2015-07-20 15:37:39 +0800
Processing by UsersController#login as HTML
  Parameters: {"from"=>"http://localhost:3000/"}
  [1m[35mBlogInfo Load (0.3ms)[0m  SELECT  `blog_info`.* FROM `blog_info`   ORDER BY `blog_info`.`id` ASC LIMIT 1
  Rendered users/login.html.haml within layouts/register (11.4ms)
  [1m[36mCACHE (0.0ms)[0m  [1mSELECT  `blog_info`.* FROM `blog_info`   ORDER BY `blog_info`.`id` ASC LIMIT 1[0m
Completed 200 OK in 46ms (Views: 44.7ms | ActiveRecord: 0.3ms)


Started GET "/login" for 127.0.0.1 at 2015-07-20 15:37:45 +0800
Processing by UsersController#login as HTML
Redirected to http://localhost:3000/login?from=%2F
Completed 302 Found in 1ms (ActiveRecord: 0.0ms)


Started GET "/login?from=%2F" for 127.0.0.1 at 2015-07-20 15:37:45 +0800
Processing by UsersController#login as HTML
  Parameters: {"from"=>"/"}
  [1m[35mBlogInfo Load (0.3ms)[0m  SELECT  `blog_info`.* FROM `blog_info`   ORDER BY `blog_info`.`id` ASC LIMIT 1
  Rendered users/login.html.haml within layouts/register (8.8ms)
  [1m[36mCACHE (0.0ms)[0m  [1mSELECT  `blog_info`.* FROM `blog_info`   ORDER BY `blog_info`.`id` ASC LIMIT 1[0m
Completed 200 OK in 33ms (Views: 31.9ms | ActiveRecord: 0.3ms)


Started GET "/login" for 127.0.0.1 at 2015-07-20 15:37:50 +0800
Processing by UsersController#login as HTML
Redirected to http://localhost:3000/login?from=%2F
Completed 302 Found in 1ms (ActiveRecord: 0.0ms)


Started GET "/login?from=%2F" for 127.0.0.1 at 2015-07-20 15:37:50 +0800
Processing by UsersController#login as HTML
  Parameters: {"from"=>"/"}
  [1m[35mBlogInfo Load (0.3ms)[0m  SELECT  `blog_info`.* FROM `blog_info`   ORDER BY `blog_info`.`id` ASC LIMIT 1
  Rendered users/login.html.haml within layouts/register (2.8ms)
  [1m[36mCACHE (0.0ms)[0m  [1mSELECT  `blog_info`.* FROM `blog_info`   ORDER BY `blog_info`.`id` ASC LIMIT 1[0m
Completed 200 OK in 25ms (Views: 24.3ms | ActiveRecord: 0.3ms)
